[+] Containers:
 |- [+] Container: /Game/FirstPerson/Maps/FirstPersonMap
 |   |- [+] ActorDescs:
 |   |   |- Guid:0C4E5F514E7FED910F5CE58F851F8A02 BaseClass:/Game/obstacles/BP_SpinningBlades.BP_SpinningBlades_C NativeClass:/Script/Engine.Actor Name:BP_SpinningBlades_C_UAID_0250F239350503C101_1841407510 Label:BP_SpinningBlades7 SpatiallyLoaded:1 Bounds:IsValid=true, Min=(X=788.580 Y=3823.243 Z=-16.746), Max=(X=1211.420 Y=3977.470 Z=137.362) RuntimeGrid:None EditorOnly:0 RuntimeOnly:0 HLODRelevant:0 ListedInSceneOutliner:1 IsMainWorldOnly:0
 |   |   |- Guid:0C76E36B407940337C4ECFA305A9019D BaseClass:/Game/checkpoint/checkpoint.checkpoint_C NativeClass:/Script/Engine.Actor Name:checkpoint_C_UAID_98EECBAA089B07C101_1404130199 Label:checkpoint SpatiallyLoaded:1 Bounds:IsValid=true, Min=(X=750.000 Y=5470.000 Z=25.000), Max=(X=850.000 Y=5570.000 Z=35.000) RuntimeGrid:None EditorOnly:0 RuntimeOnly:0 HLODRelevant:0 ListedInSceneOutliner:1 IsMainWorldOnly:0
 |   |   |- Guid:1688FC0D4ABE9C1F72735FBBF190C0CB BaseClass:/Game/obstacles/BP_SpinningBlades.BP_SpinningBlades_C NativeClass:/Script/Engine.Actor Name:BP_SpinningBlades_C_UAID_0250F239350503C101_1841736513 Label:BP_SpinningBlades10 SpatiallyLoaded:1 Bounds:IsValid=true, Min=(X=388.580 Y=3703.243 Z=-16.746), Max=(X=811.420 Y=3857.470 Z=137.362) RuntimeGrid:None EditorOnly:0 RuntimeOnly:0 HLODRelevant:0 ListedInSceneOutliner:1 IsMainWorldOnly:0
 |   |   |- Guid:1BBADAED4B9691D6B44D6A99A462BAFE BaseClass: NativeClass:/Script/Engine.StaticMeshActor Name:StaticMeshActor_UAID_98EECBAA089B07C101_1973055201 Label:pyramid_Cube SpatiallyLoaded:1 Bounds:IsValid=true, Min=(X=369.635 Y=1590.000 Z=-0.000), Max=(X=398.635 Y=11890.000 Z=870.000) RuntimeGrid:None EditorOnly:0 RuntimeOnly:0 HLODRelevant:1 ListedInSceneOutliner:1 IsMainWorldOnly:0
 |   |   |- Guid:2F6039D74600157D9AE9E9BC4B8F70FA BaseClass:/Game/obstacles/BP_SpinningBlades.BP_SpinningBlades_C NativeClass:/Script/Engine.Actor Name:BP_SpinningBlades_C_UAID_0250F239350503C101_1605262502 Label:BP_SpinningBlades4 SpatiallyLoaded:1 Bounds:IsValid=true, Min=(X=388.580 Y=1973.243 Z=363.254), Max=(X=811.420 Y=2127.470 Z=517.362) RuntimeGrid:None EditorOnly:0 RuntimeOnly:0 HLODRelevant:0 ListedInSceneOutliner:1 IsMainWorldOnly:0
 |   |   |- Guid:2F60B5714027B85EA42A669F96849F58 BaseClass:/Game/obstacles/BP_SpinningBlades.BP_SpinningBlades_C NativeClass:/Script/Engine.Actor Name:BP_SpinningBlades_C_UAID_0250F239350503C101_2074176520 Label:BP_SpinningBlades17 SpatiallyLoaded:1 Bounds:IsValid=true, Min=(X=388.580 Y=4933.243 Z=143.254), Max=(X=811.420 Y=5087.470 Z=297.362) RuntimeGrid:None EditorOnly:0 RuntimeOnly:0 HLODRelevant:0 ListedInSceneOutliner:1 IsMainWorldOnly:0
 |   |   |- Guid:361F434840DE8FB36CF1E6BC0E410C6C BaseClass:/Game/obstacles/BP_SpinningBlades.BP_SpinningBlades_C NativeClass:/Script/Engine.Actor Name:BP_SpinningBlades_C_UAID_0250F239350505C101_1455568880 Label:BP_SpinningBlades22 SpatiallyLoaded:1 Bounds:IsValid=true, Min=(X=388.580 Y=9883.243 Z=153.254), Max=(X=811.420 Y=10037.470 Z=307.362) RuntimeGrid:None EditorOnly:0 RuntimeOnly:0 HLODRelevant:0 ListedInSceneOutliner:1 IsMainWorldOnly:0
 |   |   |- Guid:4405DE6B46475DB64CBA969DB9890587 BaseClass:/Game/obstacles/BP_SpinningBlades.BP_SpinningBlades_C NativeClass:/Script/Engine.Actor Name:BP_SpinningBlades_C_UAID_0250F239350505C101_1240077877 Label:BP_SpinningBlades19 SpatiallyLoaded:1 Bounds:IsValid=true, Min=(X=388.580 Y=7383.243 Z=-16.746), Max=(X=811.420 Y=7537.470 Z=137.362) RuntimeGrid:None EditorOnly:0 RuntimeOnly:0 HLODRelevant:0 ListedInSceneOutliner:1 IsMainWorldOnly:0
 |   |   |- Guid:59FB9D9343C49BFD99438B8685B8255F BaseClass: NativeClass:/Script/Engine.StaticMeshActor Name:StaticMeshActor_UAID_98EECBAA089B07C101_1973021200 Label:pyramid_Cube_007 SpatiallyLoaded:1 Bounds:IsValid=true, Min=(X=-640.000 Y=1570.000 Z=-125.000), Max=(X=2260.000 Y=4470.000 Z=1687.500) RuntimeGrid:None EditorOnly:0 RuntimeOnly:0 HLODRelevant:1 ListedInSceneOutliner:1 IsMainWorldOnly:0
 |   |   |- Guid:5C31779B48C5FAFA187E4EB4271E118A BaseClass:/Game/obstacles/BP_SpinningBlades.BP_SpinningBlades_C NativeClass:/Script/Engine.Actor Name:BP_SpinningBlades_C_UAID_0250F239350503C101_1605260501 Label:BP_SpinningBlades3 SpatiallyLoaded:1 Bounds:IsValid=true, Min=(X=788.580 Y=1973.243 Z=363.254), Max=(X=1211.420 Y=2127.470 Z=517.362) RuntimeGrid:None EditorOnly:0 RuntimeOnly:0 HLODRelevant:0 ListedInSceneOutliner:1 IsMainWorldOnly:0
 |   |   |- Guid:5FE7584649BB6F09265329A6C57CFD0D BaseClass: NativeClass:/Script/Engine.VolumetricCloud Name:VolumetricCloud_0 Label:VolumetricCloud SpatiallyLoaded:0 Bounds:IsValid=true, Min=(X=0.000 Y=0.000 Z=820.000), Max=(X=0.000 Y=0.000 Z=820.000) RuntimeGrid:None EditorOnly:0 RuntimeOnly:0 HLODRelevant:0 ListedInSceneOutliner:1 IsMainWorldOnly:0 FolderPath:Lighting FolderGuid:0BA5F0A04EADB18E70D5B180D08FA34B
 |   |   |- Guid:61391D344900612A77DFC3BA3E354907 BaseClass: NativeClass:/Script/Engine.ExponentialHeightFog Name:ExponentialHeightFog_0 Label:ExponentialHeightFog SpatiallyLoaded:0 Bounds:IsValid=true, Min=(X=-5600.000 Y=-50.000 Z=-6850.000), Max=(X=-5600.000 Y=-50.000 Z=-6850.000) RuntimeGrid:None EditorOnly:0 RuntimeOnly:0 HLODRelevant:0 ListedInSceneOutliner:1 IsMainWorldOnly:0 FolderPath:Lighting FolderGuid:0BA5F0A04EADB18E70D5B180D08FA34B
 |   |   |- Guid:6FEFB3BD4EB37B849EF0D4AC80F83855 BaseClass: NativeClass:/Script/Engine.WorldDataLayers Name:WorldDataLayers Label:WorldDataLayers SpatiallyLoaded:0 Bounds:IsValid=true, Min=(X=0.000 Y=0.000 Z=0.000), Max=(X=0.000 Y=0.000 Z=0.000) RuntimeGrid:None EditorOnly:0 RuntimeOnly:0 HLODRelevant:0 ListedInSceneOutliner:1 IsMainWorldOnly:1
 |   |   |- Guid:78CAF7514C7533F30BD2F19A017AAB65 BaseClass: NativeClass:/Script/Engine.StaticMeshActor Name:StaticMeshActor_0 Label:SM_Cube SpatiallyLoaded:1 Bounds:IsValid=true, Min=(X=0.000 Y=0.000 Z=-50.000), Max=(X=1599.000 Y=13000.000 Z=0.000) RuntimeGrid:None EditorOnly:0 RuntimeOnly:0 HLODRelevant:1 ListedInSceneOutliner:1 IsMainWorldOnly:0 FolderPath:Playground FolderGuid:6C02BB504B69D1F3D7A624B130C18E5B
 |   |   |- Guid:7F5FA56A40118FB611F8829624258529 BaseClass:/Game/obstacles/BP_SpinningBlades.BP_SpinningBlades_C NativeClass:/Script/Engine.Actor Name:BP_SpinningBlades_C_UAID_0250F239350503C101_2056771516 Label:BP_SpinningBlades13 SpatiallyLoaded:1 Bounds:IsValid=true, Min=(X=388.580 Y=4813.243 Z=143.254), Max=(X=811.420 Y=4967.470 Z=297.362) RuntimeGrid:None EditorOnly:0 RuntimeOnly:0 HLODRelevant:0 ListedInSceneOutliner:1 IsMainWorldOnly:0
 |   |   |- Guid:839BA00A43327C404538BF94662351A4 BaseClass:/Game/obstacles/BP_SpinningBlades.BP_SpinningBlades_C NativeClass:/Script/Engine.Actor Name:BP_SpinningBlades_C_UAID_0250F239350503C101_1825788508 Label:BP_SpinningBlades5 SpatiallyLoaded:1 Bounds:IsValid=true, Min=(X=788.580 Y=3583.243 Z=-16.746), Max=(X=1211.420 Y=3737.470 Z=137.362) RuntimeGrid:None EditorOnly:0 RuntimeOnly:0 HLODRelevant:0 ListedInSceneOutliner:1 IsMainWorldOnly:0
 |   |   |- Guid:84EE21214CEE6286A961C89E66ED6595 BaseClass:/Game/obstacles/BP_SpinningBlades.BP_SpinningBlades_C NativeClass:/Script/Engine.Actor Name:BP_SpinningBlades_C_UAID_0250F239350501C101_2040258144 Label:BP_SpinningBlades2 SpatiallyLoaded:1 Bounds:IsValid=true, Min=(X=788.580 Y=1973.243 Z=-16.746), Max=(X=1211.420 Y=2127.470 Z=137.362) RuntimeGrid:None EditorOnly:0 RuntimeOnly:0 HLODRelevant:0 ListedInSceneOutliner:1 IsMainWorldOnly:0
 |   |   |- Guid:88054B124A161BC8D2C408BF888CBFAF BaseClass:/Game/obstacles/BP_SpinningBlades.BP_SpinningBlades_C NativeClass:/Script/Engine.Actor Name:BP_SpinningBlades_C_UAID_0250F239350503C101_2057091519 Label:BP_SpinningBlades16 SpatiallyLoaded:1 Bounds:IsValid=true, Min=(X=788.580 Y=4693.243 Z=143.254), Max=(X=1211.420 Y=4847.470 Z=297.362) RuntimeGrid:None EditorOnly:0 RuntimeOnly:0 HLODRelevant:0 ListedInSceneOutliner:1 IsMainWorldOnly:0
 |   |   |- Guid:8DF94F734EC4B53B657AEEBA410035F8 BaseClass: NativeClass:/Script/Engine.StaticMeshActor Name:StaticMeshActor_UAID_98EECBAA089B07C101_1973089202 Label:pyramid_Cube_001 SpatiallyLoaded:1 Bounds:IsValid=true, Min=(X=375.000 Y=1590.000 Z=855.500), Max=(X=1245.000 Y=11890.000 Z=884.500) RuntimeGrid:None EditorOnly:0 RuntimeOnly:0 HLODRelevant:1 ListedInSceneOutliner:1 IsMainWorldOnly:0
 |   |   |- Guid:90B7B8D3420C2EABA931D3A6A69DF696 BaseClass: NativeClass:/Script/Engine.StaticMeshActor Name:StaticMeshActor_3 Label:SM_Cube2 SpatiallyLoaded:1 Bounds:IsValid=true, Min=(X=0.000 Y=0.000 Z=0.000), Max=(X=1600.000 Y=100.000 Z=800.000) RuntimeGrid:None EditorOnly:0 RuntimeOnly:0 HLODRelevant:1 ListedInSceneOutliner:1 IsMainWorldOnly:0 FolderPath:Playground FolderGuid:6C02BB504B69D1F3D7A624B130C18E5B
 |   |   |- Guid:9142EDD24C04E9F99CAE369D7BF54E23 BaseClass:/Game/obstacles/BP_SpinningBlades.BP_SpinningBlades_C NativeClass:/Script/Engine.Actor Name:BP_SpinningBlades_C_UAID_0250F239350505C101_1240080878 Label:BP_SpinningBlades20 SpatiallyLoaded:1 Bounds:IsValid=true, Min=(X=788.580 Y=7383.243 Z=-16.746), Max=(X=1211.420 Y=7537.470 Z=137.362) RuntimeGrid:None EditorOnly:0 RuntimeOnly:0 HLODRelevant:0 ListedInSceneOutliner:1 IsMainWorldOnly:0
 |   |   |- Guid:92BDA22947F58ECB105C2D80EEAC214B BaseClass:/Game/obstacles/BP_SpinningBlades.BP_SpinningBlades_C NativeClass:/Script/Engine.Actor Name:BP_SpinningBlades_C_UAID_0250F239350503C101_1841409511 Label:BP_SpinningBlades8 SpatiallyLoaded:1 Bounds:IsValid=true, Min=(X=388.580 Y=3583.243 Z=-16.746), Max=(X=811.420 Y=3737.470 Z=137.362) RuntimeGrid:None EditorOnly:0 RuntimeOnly:0 HLODRelevant:0 ListedInSceneOutliner:1 IsMainWorldOnly:0
 |   |   |- Guid:9D91551A47A9D0E438DDE78704CEA519 BaseClass: NativeClass:/Script/Engine.StaticMeshActor Name:StaticMeshActor_UAID_98EECBAA089B07C101_1973121203 Label:pyramid_Cube_002 SpatiallyLoaded:1 Bounds:IsValid=true, Min=(X=1221.365 Y=1590.000 Z=-0.000), Max=(X=1250.365 Y=11890.000 Z=870.000) RuntimeGrid:None EditorOnly:0 RuntimeOnly:0 HLODRelevant:1 ListedInSceneOutliner:1 IsMainWorldOnly:0
 |   |   |- Guid:A354B1B24E617A525DC6B48CCDE2417E BaseClass: NativeClass:/Script/Engine.PlayerStart Name:PlayerStart_0 Label:PlayerStart SpatiallyLoaded:0 Bounds:IsValid=true, Min=(X=770.000 Y=370.000 Z=0.013), Max=(X=850.000 Y=450.000 Z=184.013) RuntimeGrid:None EditorOnly:0 RuntimeOnly:0 HLODRelevant:0 ListedInSceneOutliner:1 IsMainWorldOnly:0
 |   |   |- Guid:A36378FD489CC77EE65A319CDAEA76ED BaseClass:/Game/checkpoint/checkpoint2.checkpoint2_C NativeClass:/Script/Engine.Actor Name:checkpoint2_C_UAID_98EECBAA089B08C101_2144392380 Label:checkpoint2 SpatiallyLoaded:1 Bounds:IsValid=true, Min=(X=750.000 Y=11500.000 Z=25.000), Max=(X=850.000 Y=11600.000 Z=35.000) RuntimeGrid:None EditorOnly:0 RuntimeOnly:0 HLODRelevant:0 ListedInSceneOutliner:1 IsMainWorldOnly:0
 |   |   |- Guid:A658C67F4646C5EB8A1BD3A1ABD07413 BaseClass:/Game/obstacles/BP_SpinningBlades.BP_SpinningBlades_C NativeClass:/Script/Engine.Actor Name:BP_SpinningBlades_C_UAID_0250F239350505C101_1455565879 Label:BP_SpinningBlades21 SpatiallyLoaded:1 Bounds:IsValid=true, Min=(X=788.580 Y=9883.243 Z=153.254), Max=(X=1211.420 Y=10037.470 Z=307.362) RuntimeGrid:None EditorOnly:0 RuntimeOnly:0 HLODRelevant:0 ListedInSceneOutliner:1 IsMainWorldOnly:0
 |   |   |- Guid:A7EB764B405FA4E69CDC5F8469403AB9 BaseClass:/Game/obstacles/BP_SpinningBlades.BP_SpinningBlades_C NativeClass:/Script/Engine.Actor Name:BP_SpinningBlades_C_UAID_0250F239350501C101_2021063143 Label:BP_SpinningBlades SpatiallyLoaded:1 Bounds:IsValid=true, Min=(X=388.580 Y=1973.243 Z=-16.746), Max=(X=811.420 Y=2127.470 Z=137.362) RuntimeGrid:None EditorOnly:0 RuntimeOnly:0 HLODRelevant:0 ListedInSceneOutliner:1 IsMainWorldOnly:0
 |   |   |- Guid:A88A867A4E34A01FD8634EA9C1D38BF1 BaseClass:/Game/obstacles/BP_SpinningBlades.BP_SpinningBlades_C NativeClass:/Script/Engine.Actor Name:BP_SpinningBlades_C_UAID_0250F239350503C101_1928637514 Label:BP_SpinningBlades11 SpatiallyLoaded:1 Bounds:IsValid=true, Min=(X=388.580 Y=4573.243 Z=143.254), Max=(X=811.420 Y=4727.470 Z=297.362) RuntimeGrid:None EditorOnly:0 RuntimeOnly:0 HLODRelevant:0 ListedInSceneOutliner:1 IsMainWorldOnly:0
 |   |   |- Guid:BF343A0A439DD1FFE8A7D0AD4F70E2A2 BaseClass:/Game/obstacles/BP_SpinningBlades.BP_SpinningBlades_C NativeClass:/Script/Engine.Actor Name:BP_SpinningBlades_C_UAID_0250F239350503C101_1841733512 Label:BP_SpinningBlades9 SpatiallyLoaded:1 Bounds:IsValid=true, Min=(X=788.580 Y=3703.243 Z=-16.746), Max=(X=1211.420 Y=3857.470 Z=137.362) RuntimeGrid:None EditorOnly:0 RuntimeOnly:0 HLODRelevant:0 ListedInSceneOutliner:1 IsMainWorldOnly:0
 |   |   |- Guid:C0C56B9644AE3D40CAFF6A878DB29844 BaseClass: NativeClass:/Script/Engine.StaticMeshActor Name:StaticMeshActor_UAID_A4AE111137DC5EFB00_2001720423 Label:SM_SkySphere SpatiallyLoaded:0 Bounds:IsValid=true, Min=(X=-1638400.000 Y=-1638400.000 Z=-1638400.000), Max=(X=1638400.000 Y=1638400.000 Z=1638400.000) RuntimeGrid:None EditorOnly:0 RuntimeOnly:0 HLODRelevant:1 ListedInSceneOutliner:1 IsMainWorldOnly:0 FolderPath:Lighting FolderGuid:0BA5F0A04EADB18E70D5B180D08FA34B
 |   |   |- Guid:C22CE07C4B87D685137FDBBC10FC92C6 BaseClass: NativeClass:/Script/Engine.SkyAtmosphere Name:SkyAtmosphere_0 Label:SkyAtmosphere SpatiallyLoaded:0 Bounds:IsValid=true, Min=(X=0.000 Y=0.000 Z=1020.000), Max=(X=0.000 Y=0.000 Z=1020.000) RuntimeGrid:None EditorOnly:0 RuntimeOnly:0 HLODRelevant:0 ListedInSceneOutliner:1 IsMainWorldOnly:0 FolderPath:Lighting FolderGuid:0BA5F0A04EADB18E70D5B180D08FA34B
 |   |   |- Guid:CBAFF03D4FD741FEB9D05E9ABA6C3B3E BaseClass:/Game/BP_FinishLine.BP_FinishLine_C NativeClass:/Script/Engine.Actor Name:BP_FinishLine_C_UAID_0250F2393505A4C101_1149485832 Label:BP_FinishLine SpatiallyLoaded:1 Bounds:IsValid=true, Min=(X=410.000 Y=11835.125 Z=-7.750), Max=(X=1210.000 Y=11884.875 Z=588.600) RuntimeGrid:None EditorOnly:0 RuntimeOnly:0 HLODRelevant:0 ListedInSceneOutliner:1 IsMainWorldOnly:0
 |   |   |- Guid:CE8D82634660FCDB3120E2B8D547C533 BaseClass: NativeClass:/Script/Engine.PostProcessVolume Name:PostProcessVolume_0 Label:PostProcessVolume SpatiallyLoaded:0 Bounds:IsValid=true, Min=(X=0.000 Y=0.000 Z=400.000), Max=(X=200.000 Y=200.000 Z=600.000) RuntimeGrid:None EditorOnly:0 RuntimeOnly:0 HLODRelevant:0 ListedInSceneOutliner:1 IsMainWorldOnly:0 FolderPath:Lighting FolderGuid:0BA5F0A04EADB18E70D5B180D08FA34B
 |   |   |- Guid:D42B3B324BD2C35FF5CBAAAD779B59AB BaseClass:/Game/obstacles/BP_SpinningBlades.BP_SpinningBlades_C NativeClass:/Script/Engine.Actor Name:BP_SpinningBlades_C_UAID_0250F239350503C101_1928640515 Label:BP_SpinningBlades12 SpatiallyLoaded:1 Bounds:IsValid=true, Min=(X=788.580 Y=4573.243 Z=143.254), Max=(X=1211.420 Y=4727.470 Z=297.362) RuntimeGrid:None EditorOnly:0 RuntimeOnly:0 HLODRelevant:0 ListedInSceneOutliner:1 IsMainWorldOnly:0
 |   |   |- Guid:DA0E2BD5405CF1BAB11C04BBB055F5AB BaseClass:/Game/obstacles/BP_SpinningBlades.BP_SpinningBlades_C NativeClass:/Script/Engine.Actor Name:BP_SpinningBlades_C_UAID_0250F239350503C101_2074179521 Label:BP_SpinningBlades18 SpatiallyLoaded:1 Bounds:IsValid=true, Min=(X=788.580 Y=4933.243 Z=143.254), Max=(X=1211.420 Y=5087.470 Z=297.362) RuntimeGrid:None EditorOnly:0 RuntimeOnly:0 HLODRelevant:0 ListedInSceneOutliner:1 IsMainWorldOnly:0
 |   |   |- Guid:E5320C1B4FD9764CE7B54D8487AEC613 BaseClass: NativeClass:/Script/Engine.SkyLight Name:SkyLight_0 Label:SkyLight SpatiallyLoaded:0 Bounds:IsValid=true, Min=(X=0.000 Y=0.000 Z=690.000), Max=(X=0.000 Y=0.000 Z=690.000) RuntimeGrid:None EditorOnly:0 RuntimeOnly:0 HLODRelevant:0 ListedInSceneOutliner:1 IsMainWorldOnly:0 FolderPath:Lighting FolderGuid:0BA5F0A04EADB18E70D5B180D08FA34B
 |   |   |- Guid:E7ACDE6046D2307847C21AAF56146B8A BaseClass:/Game/obstacles/BP_SpinningBlades.BP_SpinningBlades_C NativeClass:/Script/Engine.Actor Name:BP_SpinningBlades_C_UAID_0250F239350503C101_2057089518 Label:BP_SpinningBlades15 SpatiallyLoaded:1 Bounds:IsValid=true, Min=(X=388.580 Y=4693.243 Z=143.254), Max=(X=811.420 Y=4847.470 Z=297.362) RuntimeGrid:None EditorOnly:0 RuntimeOnly:0 HLODRelevant:0 ListedInSceneOutliner:1 IsMainWorldOnly:0
 |   |   |- Guid:F07F1AF64C7C7C238EE1B4BF8C122DD8 BaseClass: NativeClass:/Script/Engine.StaticMeshActor Name:StaticMeshActor_4 Label:SM_Cube3 SpatiallyLoaded:1 Bounds:IsValid=true, Min=(X=0.000 Y=12900.000 Z=0.000), Max=(X=1599.250 Y=13000.000 Z=800.000) RuntimeGrid:None EditorOnly:0 RuntimeOnly:0 HLODRelevant:1 ListedInSceneOutliner:1 IsMainWorldOnly:0 FolderPath:Playground FolderGuid:6C02BB504B69D1F3D7A624B130C18E5B
 |   |   |- Guid:F80621C9446867154938FE81375207DA BaseClass: NativeClass:/Script/Engine.DirectionalLight Name:DirectionalLight_1 Label:DirectionalLight SpatiallyLoaded:0 Bounds:IsValid=true, Min=(X=-1048576.000 Y=-1048576.000 Z=-1048576.000), Max=(X=1048576.000 Y=1048576.000 Z=1048576.000) RuntimeGrid:None EditorOnly:0 RuntimeOnly:0 HLODRelevant:0 ListedInSceneOutliner:1 IsMainWorldOnly:0 FolderPath:Lighting FolderGuid:0BA5F0A04EADB18E70D5B180D08FA34B
 |   |   |- Guid:FB878EFC474A4C2FF25FF195081C8BDF BaseClass:/Game/obstacles/BP_SpinningBlades.BP_SpinningBlades_C NativeClass:/Script/Engine.Actor Name:BP_SpinningBlades_C_UAID_0250F239350503C101_2056773517 Label:BP_SpinningBlades14 SpatiallyLoaded:1 Bounds:IsValid=true, Min=(X=788.580 Y=4813.243 Z=143.254), Max=(X=1211.420 Y=4967.470 Z=297.362) RuntimeGrid:None EditorOnly:0 RuntimeOnly:0 HLODRelevant:0 ListedInSceneOutliner:1 IsMainWorldOnly:0
 |   |   |- Guid:FF9579174A9ED21473FE4DA962B11E17 BaseClass:/Game/obstacles/BP_SpinningBlades.BP_SpinningBlades_C NativeClass:/Script/Engine.Actor Name:BP_SpinningBlades_C_UAID_0250F239350503C101_1825791509 Label:BP_SpinningBlades6 SpatiallyLoaded:1 Bounds:IsValid=true, Min=(X=388.580 Y=3823.243 Z=-16.746), Max=(X=811.420 Y=3977.470 Z=137.362) RuntimeGrid:None EditorOnly:0 RuntimeOnly:0 HLODRelevant:0 ListedInSceneOutliner:1 IsMainWorldOnly:0
 |   |- [+] Clusters:
 |   |   |- [+] [  0]
 |   |   |   |- Guid:0C4E5F514E7FED910F5CE58F851F8A02 BaseClass:/Game/obstacles/BP_SpinningBlades.BP_SpinningBlades_C NativeClass:/Script/Engine.Actor Name:BP_SpinningBlades_C_UAID_0250F239350503C101_1841407510 Label:BP_SpinningBlades7 SpatiallyLoaded:1 Bounds:IsValid=true, Min=(X=788.580 Y=3823.243 Z=-16.746), Max=(X=1211.420 Y=3977.470 Z=137.362) RuntimeGrid:None EditorOnly:0 RuntimeOnly:0 HLODRelevant:0 ListedInSceneOutliner:1 IsMainWorldOnly:0
 |   |   |- [+] [  1]
 |   |   |   |- Guid:0C76E36B407940337C4ECFA305A9019D BaseClass:/Game/checkpoint/checkpoint.checkpoint_C NativeClass:/Script/Engine.Actor Name:checkpoint_C_UAID_98EECBAA089B07C101_1404130199 Label:checkpoint SpatiallyLoaded:1 Bounds:IsValid=true, Min=(X=750.000 Y=5470.000 Z=25.000), Max=(X=850.000 Y=5570.000 Z=35.000) RuntimeGrid:None EditorOnly:0 RuntimeOnly:0 HLODRelevant:0 ListedInSceneOutliner:1 IsMainWorldOnly:0
 |   |   |- [+] [  2]
 |   |   |   |- Guid:1688FC0D4ABE9C1F72735FBBF190C0CB BaseClass:/Game/obstacles/BP_SpinningBlades.BP_SpinningBlades_C NativeClass:/Script/Engine.Actor Name:BP_SpinningBlades_C_UAID_0250F239350503C101_1841736513 Label:BP_SpinningBlades10 SpatiallyLoaded:1 Bounds:IsValid=true, Min=(X=388.580 Y=3703.243 Z=-16.746), Max=(X=811.420 Y=3857.470 Z=137.362) RuntimeGrid:None EditorOnly:0 RuntimeOnly:0 HLODRelevant:0 ListedInSceneOutliner:1 IsMainWorldOnly:0
 |   |   |- [+] [  3]
 |   |   |   |- Guid:1BBADAED4B9691D6B44D6A99A462BAFE BaseClass: NativeClass:/Script/Engine.StaticMeshActor Name:StaticMeshActor_UAID_98EECBAA089B07C101_1973055201 Label:pyramid_Cube SpatiallyLoaded:1 Bounds:IsValid=true, Min=(X=369.635 Y=1590.000 Z=-0.000), Max=(X=398.635 Y=11890.000 Z=870.000) RuntimeGrid:None EditorOnly:0 RuntimeOnly:0 HLODRelevant:1 ListedInSceneOutliner:1 IsMainWorldOnly:0
 |   |   |- [+] [  4]
 |   |   |   |- Guid:2F6039D74600157D9AE9E9BC4B8F70FA BaseClass:/Game/obstacles/BP_SpinningBlades.BP_SpinningBlades_C NativeClass:/Script/Engine.Actor Name:BP_SpinningBlades_C_UAID_0250F239350503C101_1605262502 Label:BP_SpinningBlades4 SpatiallyLoaded:1 Bounds:IsValid=true, Min=(X=388.580 Y=1973.243 Z=363.254), Max=(X=811.420 Y=2127.470 Z=517.362) RuntimeGrid:None EditorOnly:0 RuntimeOnly:0 HLODRelevant:0 ListedInSceneOutliner:1 IsMainWorldOnly:0
 |   |   |- [+] [  5]
 |   |   |   |- Guid:2F60B5714027B85EA42A669F96849F58 BaseClass:/Game/obstacles/BP_SpinningBlades.BP_SpinningBlades_C NativeClass:/Script/Engine.Actor Name:BP_SpinningBlades_C_UAID_0250F239350503C101_2074176520 Label:BP_SpinningBlades17 SpatiallyLoaded:1 Bounds:IsValid=true, Min=(X=388.580 Y=4933.243 Z=143.254), Max=(X=811.420 Y=5087.470 Z=297.362) RuntimeGrid:None EditorOnly:0 RuntimeOnly:0 HLODRelevant:0 ListedInSceneOutliner:1 IsMainWorldOnly:0
 |   |   |- [+] [  6]
 |   |   |   |- Guid:361F434840DE8FB36CF1E6BC0E410C6C BaseClass:/Game/obstacles/BP_SpinningBlades.BP_SpinningBlades_C NativeClass:/Script/Engine.Actor Name:BP_SpinningBlades_C_UAID_0250F239350505C101_1455568880 Label:BP_SpinningBlades22 SpatiallyLoaded:1 Bounds:IsValid=true, Min=(X=388.580 Y=9883.243 Z=153.254), Max=(X=811.420 Y=10037.470 Z=307.362) RuntimeGrid:None EditorOnly:0 RuntimeOnly:0 HLODRelevant:0 ListedInSceneOutliner:1 IsMainWorldOnly:0
 |   |   |- [+] [  7]
 |   |   |   |- Guid:4405DE6B46475DB64CBA969DB9890587 BaseClass:/Game/obstacles/BP_SpinningBlades.BP_SpinningBlades_C NativeClass:/Script/Engine.Actor Name:BP_SpinningBlades_C_UAID_0250F239350505C101_1240077877 Label:BP_SpinningBlades19 SpatiallyLoaded:1 Bounds:IsValid=true, Min=(X=388.580 Y=7383.243 Z=-16.746), Max=(X=811.420 Y=7537.470 Z=137.362) RuntimeGrid:None EditorOnly:0 RuntimeOnly:0 HLODRelevant:0 ListedInSceneOutliner:1 IsMainWorldOnly:0
 |   |   |- [+] [  8]
 |   |   |   |- Guid:59FB9D9343C49BFD99438B8685B8255F BaseClass: NativeClass:/Script/Engine.StaticMeshActor Name:StaticMeshActor_UAID_98EECBAA089B07C101_1973021200 Label:pyramid_Cube_007 SpatiallyLoaded:1 Bounds:IsValid=true, Min=(X=-640.000 Y=1570.000 Z=-125.000), Max=(X=2260.000 Y=4470.000 Z=1687.500) RuntimeGrid:None EditorOnly:0 RuntimeOnly:0 HLODRelevant:1 ListedInSceneOutliner:1 IsMainWorldOnly:0
 |   |   |- [+] [  9]
 |   |   |   |- Guid:5C31779B48C5FAFA187E4EB4271E118A BaseClass:/Game/obstacles/BP_SpinningBlades.BP_SpinningBlades_C NativeClass:/Script/Engine.Actor Name:BP_SpinningBlades_C_UAID_0250F239350503C101_1605260501 Label:BP_SpinningBlades3 SpatiallyLoaded:1 Bounds:IsValid=true, Min=(X=788.580 Y=1973.243 Z=363.254), Max=(X=1211.420 Y=2127.470 Z=517.362) RuntimeGrid:None EditorOnly:0 RuntimeOnly:0 HLODRelevant:0 ListedInSceneOutliner:1 IsMainWorldOnly:0
 |   |   |- [+] [ 10]
 |   |   |   |- Guid:5FE7584649BB6F09265329A6C57CFD0D BaseClass: NativeClass:/Script/Engine.VolumetricCloud Name:VolumetricCloud_0 Label:VolumetricCloud SpatiallyLoaded:0 Bounds:IsValid=true, Min=(X=0.000 Y=0.000 Z=820.000), Max=(X=0.000 Y=0.000 Z=820.000) RuntimeGrid:None EditorOnly:0 RuntimeOnly:0 HLODRelevant:0 ListedInSceneOutliner:1 IsMainWorldOnly:0 FolderPath:Lighting FolderGuid:0BA5F0A04EADB18E70D5B180D08FA34B
 |   |   |- [+] [ 11]
 |   |   |   |- Guid:61391D344900612A77DFC3BA3E354907 BaseClass: NativeClass:/Script/Engine.ExponentialHeightFog Name:ExponentialHeightFog_0 Label:ExponentialHeightFog SpatiallyLoaded:0 Bounds:IsValid=true, Min=(X=-5600.000 Y=-50.000 Z=-6850.000), Max=(X=-5600.000 Y=-50.000 Z=-6850.000) RuntimeGrid:None EditorOnly:0 RuntimeOnly:0 HLODRelevant:0 ListedInSceneOutliner:1 IsMainWorldOnly:0 FolderPath:Lighting FolderGuid:0BA5F0A04EADB18E70D5B180D08FA34B
 |   |   |- [+] [ 12]
 |   |   |   |- Guid:6FEFB3BD4EB37B849EF0D4AC80F83855 BaseClass: NativeClass:/Script/Engine.WorldDataLayers Name:WorldDataLayers Label:WorldDataLayers SpatiallyLoaded:0 Bounds:IsValid=true, Min=(X=0.000 Y=0.000 Z=0.000), Max=(X=0.000 Y=0.000 Z=0.000) RuntimeGrid:None EditorOnly:0 RuntimeOnly:0 HLODRelevant:0 ListedInSceneOutliner:1 IsMainWorldOnly:1
 |   |   |- [+] [ 13]
 |   |   |   |- Guid:78CAF7514C7533F30BD2F19A017AAB65 BaseClass: NativeClass:/Script/Engine.StaticMeshActor Name:StaticMeshActor_0 Label:SM_Cube SpatiallyLoaded:1 Bounds:IsValid=true, Min=(X=0.000 Y=0.000 Z=-50.000), Max=(X=1599.000 Y=13000.000 Z=0.000) RuntimeGrid:None EditorOnly:0 RuntimeOnly:0 HLODRelevant:1 ListedInSceneOutliner:1 IsMainWorldOnly:0 FolderPath:Playground FolderGuid:6C02BB504B69D1F3D7A624B130C18E5B
 |   |   |- [+] [ 14]
 |   |   |   |- Guid:7F5FA56A40118FB611F8829624258529 BaseClass:/Game/obstacles/BP_SpinningBlades.BP_SpinningBlades_C NativeClass:/Script/Engine.Actor Name:BP_SpinningBlades_C_UAID_0250F239350503C101_2056771516 Label:BP_SpinningBlades13 SpatiallyLoaded:1 Bounds:IsValid=true, Min=(X=388.580 Y=4813.243 Z=143.254), Max=(X=811.420 Y=4967.470 Z=297.362) RuntimeGrid:None EditorOnly:0 RuntimeOnly:0 HLODRelevant:0 ListedInSceneOutliner:1 IsMainWorldOnly:0
 |   |   |- [+] [ 15]
 |   |   |   |- Guid:839BA00A43327C404538BF94662351A4 BaseClass:/Game/obstacles/BP_SpinningBlades.BP_SpinningBlades_C NativeClass:/Script/Engine.Actor Name:BP_SpinningBlades_C_UAID_0250F239350503C101_1825788508 Label:BP_SpinningBlades5 SpatiallyLoaded:1 Bounds:IsValid=true, Min=(X=788.580 Y=3583.243 Z=-16.746), Max=(X=1211.420 Y=3737.470 Z=137.362) RuntimeGrid:None EditorOnly:0 RuntimeOnly:0 HLODRelevant:0 ListedInSceneOutliner:1 IsMainWorldOnly:0
 |   |   |- [+] [ 16]
 |   |   |   |- Guid:84EE21214CEE6286A961C89E66ED6595 BaseClass:/Game/obstacles/BP_SpinningBlades.BP_SpinningBlades_C NativeClass:/Script/Engine.Actor Name:BP_SpinningBlades_C_UAID_0250F239350501C101_2040258144 Label:BP_SpinningBlades2 SpatiallyLoaded:1 Bounds:IsValid=true, Min=(X=788.580 Y=1973.243 Z=-16.746), Max=(X=1211.420 Y=2127.470 Z=137.362) RuntimeGrid:None EditorOnly:0 RuntimeOnly:0 HLODRelevant:0 ListedInSceneOutliner:1 IsMainWorldOnly:0
 |   |   |- [+] [ 17]
 |   |   |   |- Guid:88054B124A161BC8D2C408BF888CBFAF BaseClass:/Game/obstacles/BP_SpinningBlades.BP_SpinningBlades_C NativeClass:/Script/Engine.Actor Name:BP_SpinningBlades_C_UAID_0250F239350503C101_2057091519 Label:BP_SpinningBlades16 SpatiallyLoaded:1 Bounds:IsValid=true, Min=(X=788.580 Y=4693.243 Z=143.254), Max=(X=1211.420 Y=4847.470 Z=297.362) RuntimeGrid:None EditorOnly:0 RuntimeOnly:0 HLODRelevant:0 ListedInSceneOutliner:1 IsMainWorldOnly:0
 |   |   |- [+] [ 18]
 |   |   |   |- Guid:8DF94F734EC4B53B657AEEBA410035F8 BaseClass: NativeClass:/Script/Engine.StaticMeshActor Name:StaticMeshActor_UAID_98EECBAA089B07C101_1973089202 Label:pyramid_Cube_001 SpatiallyLoaded:1 Bounds:IsValid=true, Min=(X=375.000 Y=1590.000 Z=855.500), Max=(X=1245.000 Y=11890.000 Z=884.500) RuntimeGrid:None EditorOnly:0 RuntimeOnly:0 HLODRelevant:1 ListedInSceneOutliner:1 IsMainWorldOnly:0
 |   |   |- [+] [ 19]
 |   |   |   |- Guid:90B7B8D3420C2EABA931D3A6A69DF696 BaseClass: NativeClass:/Script/Engine.StaticMeshActor Name:StaticMeshActor_3 Label:SM_Cube2 SpatiallyLoaded:1 Bounds:IsValid=true, Min=(X=0.000 Y=0.000 Z=0.000), Max=(X=1600.000 Y=100.000 Z=800.000) RuntimeGrid:None EditorOnly:0 RuntimeOnly:0 HLODRelevant:1 ListedInSceneOutliner:1 IsMainWorldOnly:0 FolderPath:Playground FolderGuid:6C02BB504B69D1F3D7A624B130C18E5B
 |   |   |- [+] [ 20]
 |   |   |   |- Guid:9142EDD24C04E9F99CAE369D7BF54E23 BaseClass:/Game/obstacles/BP_SpinningBlades.BP_SpinningBlades_C NativeClass:/Script/Engine.Actor Name:BP_SpinningBlades_C_UAID_0250F239350505C101_1240080878 Label:BP_SpinningBlades20 SpatiallyLoaded:1 Bounds:IsValid=true, Min=(X=788.580 Y=7383.243 Z=-16.746), Max=(X=1211.420 Y=7537.470 Z=137.362) RuntimeGrid:None EditorOnly:0 RuntimeOnly:0 HLODRelevant:0 ListedInSceneOutliner:1 IsMainWorldOnly:0
 |   |   |- [+] [ 21]
 |   |   |   |- Guid:92BDA22947F58ECB105C2D80EEAC214B BaseClass:/Game/obstacles/BP_SpinningBlades.BP_SpinningBlades_C NativeClass:/Script/Engine.Actor Name:BP_SpinningBlades_C_UAID_0250F239350503C101_1841409511 Label:BP_SpinningBlades8 SpatiallyLoaded:1 Bounds:IsValid=true, Min=(X=388.580 Y=3583.243 Z=-16.746), Max=(X=811.420 Y=3737.470 Z=137.362) RuntimeGrid:None EditorOnly:0 RuntimeOnly:0 HLODRelevant:0 ListedInSceneOutliner:1 IsMainWorldOnly:0
 |   |   |- [+] [ 22]
 |   |   |   |- Guid:9D91551A47A9D0E438DDE78704CEA519 BaseClass: NativeClass:/Script/Engine.StaticMeshActor Name:StaticMeshActor_UAID_98EECBAA089B07C101_1973121203 Label:pyramid_Cube_002 SpatiallyLoaded:1 Bounds:IsValid=true, Min=(X=1221.365 Y=1590.000 Z=-0.000), Max=(X=1250.365 Y=11890.000 Z=870.000) RuntimeGrid:None EditorOnly:0 RuntimeOnly:0 HLODRelevant:1 ListedInSceneOutliner:1 IsMainWorldOnly:0
 |   |   |- [+] [ 23]
 |   |   |   |- Guid:A354B1B24E617A525DC6B48CCDE2417E BaseClass: NativeClass:/Script/Engine.PlayerStart Name:PlayerStart_0 Label:PlayerStart SpatiallyLoaded:0 Bounds:IsValid=true, Min=(X=770.000 Y=370.000 Z=0.013), Max=(X=850.000 Y=450.000 Z=184.013) RuntimeGrid:None EditorOnly:0 RuntimeOnly:0 HLODRelevant:0 ListedInSceneOutliner:1 IsMainWorldOnly:0
 |   |   |- [+] [ 24]
 |   |   |   |- Guid:A36378FD489CC77EE65A319CDAEA76ED BaseClass:/Game/checkpoint/checkpoint2.checkpoint2_C NativeClass:/Script/Engine.Actor Name:checkpoint2_C_UAID_98EECBAA089B08C101_2144392380 Label:checkpoint2 SpatiallyLoaded:1 Bounds:IsValid=true, Min=(X=750.000 Y=11500.000 Z=25.000), Max=(X=850.000 Y=11600.000 Z=35.000) RuntimeGrid:None EditorOnly:0 RuntimeOnly:0 HLODRelevant:0 ListedInSceneOutliner:1 IsMainWorldOnly:0
 |   |   |- [+] [ 25]
 |   |   |   |- Guid:A658C67F4646C5EB8A1BD3A1ABD07413 BaseClass:/Game/obstacles/BP_SpinningBlades.BP_SpinningBlades_C NativeClass:/Script/Engine.Actor Name:BP_SpinningBlades_C_UAID_0250F239350505C101_1455565879 Label:BP_SpinningBlades21 SpatiallyLoaded:1 Bounds:IsValid=true, Min=(X=788.580 Y=9883.243 Z=153.254), Max=(X=1211.420 Y=10037.470 Z=307.362) RuntimeGrid:None EditorOnly:0 RuntimeOnly:0 HLODRelevant:0 ListedInSceneOutliner:1 IsMainWorldOnly:0
 |   |   |- [+] [ 26]
 |   |   |   |- Guid:A7EB764B405FA4E69CDC5F8469403AB9 BaseClass:/Game/obstacles/BP_SpinningBlades.BP_SpinningBlades_C NativeClass:/Script/Engine.Actor Name:BP_SpinningBlades_C_UAID_0250F239350501C101_2021063143 Label:BP_SpinningBlades SpatiallyLoaded:1 Bounds:IsValid=true, Min=(X=388.580 Y=1973.243 Z=-16.746), Max=(X=811.420 Y=2127.470 Z=137.362) RuntimeGrid:None EditorOnly:0 RuntimeOnly:0 HLODRelevant:0 ListedInSceneOutliner:1 IsMainWorldOnly:0
 |   |   |- [+] [ 27]
 |   |   |   |- Guid:A88A867A4E34A01FD8634EA9C1D38BF1 BaseClass:/Game/obstacles/BP_SpinningBlades.BP_SpinningBlades_C NativeClass:/Script/Engine.Actor Name:BP_SpinningBlades_C_UAID_0250F239350503C101_1928637514 Label:BP_SpinningBlades11 SpatiallyLoaded:1 Bounds:IsValid=true, Min=(X=388.580 Y=4573.243 Z=143.254), Max=(X=811.420 Y=4727.470 Z=297.362) RuntimeGrid:None EditorOnly:0 RuntimeOnly:0 HLODRelevant:0 ListedInSceneOutliner:1 IsMainWorldOnly:0
 |   |   |- [+] [ 28]
 |   |   |   |- Guid:BF343A0A439DD1FFE8A7D0AD4F70E2A2 BaseClass:/Game/obstacles/BP_SpinningBlades.BP_SpinningBlades_C NativeClass:/Script/Engine.Actor Name:BP_SpinningBlades_C_UAID_0250F239350503C101_1841733512 Label:BP_SpinningBlades9 SpatiallyLoaded:1 Bounds:IsValid=true, Min=(X=788.580 Y=3703.243 Z=-16.746), Max=(X=1211.420 Y=3857.470 Z=137.362) RuntimeGrid:None EditorOnly:0 RuntimeOnly:0 HLODRelevant:0 ListedInSceneOutliner:1 IsMainWorldOnly:0
 |   |   |- [+] [ 29]
 |   |   |   |- Guid:C0C56B9644AE3D40CAFF6A878DB29844 BaseClass: NativeClass:/Script/Engine.StaticMeshActor Name:StaticMeshActor_UAID_A4AE111137DC5EFB00_2001720423 Label:SM_SkySphere SpatiallyLoaded:0 Bounds:IsValid=true, Min=(X=-1638400.000 Y=-1638400.000 Z=-1638400.000), Max=(X=1638400.000 Y=1638400.000 Z=1638400.000) RuntimeGrid:None EditorOnly:0 RuntimeOnly:0 HLODRelevant:1 ListedInSceneOutliner:1 IsMainWorldOnly:0 FolderPath:Lighting FolderGuid:0BA5F0A04EADB18E70D5B180D08FA34B
 |   |   |- [+] [ 30]
 |   |   |   |- Guid:C22CE07C4B87D685137FDBBC10FC92C6 BaseClass: NativeClass:/Script/Engine.SkyAtmosphere Name:SkyAtmosphere_0 Label:SkyAtmosphere SpatiallyLoaded:0 Bounds:IsValid=true, Min=(X=0.000 Y=0.000 Z=1020.000), Max=(X=0.000 Y=0.000 Z=1020.000) RuntimeGrid:None EditorOnly:0 RuntimeOnly:0 HLODRelevant:0 ListedInSceneOutliner:1 IsMainWorldOnly:0 FolderPath:Lighting FolderGuid:0BA5F0A04EADB18E70D5B180D08FA34B
 |   |   |- [+] [ 31]
 |   |   |   |- Guid:CBAFF03D4FD741FEB9D05E9ABA6C3B3E BaseClass:/Game/BP_FinishLine.BP_FinishLine_C NativeClass:/Script/Engine.Actor Name:BP_FinishLine_C_UAID_0250F2393505A4C101_1149485832 Label:BP_FinishLine SpatiallyLoaded:1 Bounds:IsValid=true, Min=(X=410.000 Y=11835.125 Z=-7.750), Max=(X=1210.000 Y=11884.875 Z=588.600) RuntimeGrid:None EditorOnly:0 RuntimeOnly:0 HLODRelevant:0 ListedInSceneOutliner:1 IsMainWorldOnly:0
 |   |   |- [+] [ 32]
 |   |   |   |- Guid:CE8D82634660FCDB3120E2B8D547C533 BaseClass: NativeClass:/Script/Engine.PostProcessVolume Name:PostProcessVolume_0 Label:PostProcessVolume SpatiallyLoaded:0 Bounds:IsValid=true, Min=(X=0.000 Y=0.000 Z=400.000), Max=(X=200.000 Y=200.000 Z=600.000) RuntimeGrid:None EditorOnly:0 RuntimeOnly:0 HLODRelevant:0 ListedInSceneOutliner:1 IsMainWorldOnly:0 FolderPath:Lighting FolderGuid:0BA5F0A04EADB18E70D5B180D08FA34B
 |   |   |- [+] [ 33]
 |   |   |   |- Guid:D42B3B324BD2C35FF5CBAAAD779B59AB BaseClass:/Game/obstacles/BP_SpinningBlades.BP_SpinningBlades_C NativeClass:/Script/Engine.Actor Name:BP_SpinningBlades_C_UAID_0250F239350503C101_1928640515 Label:BP_SpinningBlades12 SpatiallyLoaded:1 Bounds:IsValid=true, Min=(X=788.580 Y=4573.243 Z=143.254), Max=(X=1211.420 Y=4727.470 Z=297.362) RuntimeGrid:None EditorOnly:0 RuntimeOnly:0 HLODRelevant:0 ListedInSceneOutliner:1 IsMainWorldOnly:0
 |   |   |- [+] [ 34]
 |   |   |   |- Guid:DA0E2BD5405CF1BAB11C04BBB055F5AB BaseClass:/Game/obstacles/BP_SpinningBlades.BP_SpinningBlades_C NativeClass:/Script/Engine.Actor Name:BP_SpinningBlades_C_UAID_0250F239350503C101_2074179521 Label:BP_SpinningBlades18 SpatiallyLoaded:1 Bounds:IsValid=true, Min=(X=788.580 Y=4933.243 Z=143.254), Max=(X=1211.420 Y=5087.470 Z=297.362) RuntimeGrid:None EditorOnly:0 RuntimeOnly:0 HLODRelevant:0 ListedInSceneOutliner:1 IsMainWorldOnly:0
 |   |   |- [+] [ 35]
 |   |   |   |- Guid:E5320C1B4FD9764CE7B54D8487AEC613 BaseClass: NativeClass:/Script/Engine.SkyLight Name:SkyLight_0 Label:SkyLight SpatiallyLoaded:0 Bounds:IsValid=true, Min=(X=0.000 Y=0.000 Z=690.000), Max=(X=0.000 Y=0.000 Z=690.000) RuntimeGrid:None EditorOnly:0 RuntimeOnly:0 HLODRelevant:0 ListedInSceneOutliner:1 IsMainWorldOnly:0 FolderPath:Lighting FolderGuid:0BA5F0A04EADB18E70D5B180D08FA34B
 |   |   |- [+] [ 36]
 |   |   |   |- Guid:E7ACDE6046D2307847C21AAF56146B8A BaseClass:/Game/obstacles/BP_SpinningBlades.BP_SpinningBlades_C NativeClass:/Script/Engine.Actor Name:BP_SpinningBlades_C_UAID_0250F239350503C101_2057089518 Label:BP_SpinningBlades15 SpatiallyLoaded:1 Bounds:IsValid=true, Min=(X=388.580 Y=4693.243 Z=143.254), Max=(X=811.420 Y=4847.470 Z=297.362) RuntimeGrid:None EditorOnly:0 RuntimeOnly:0 HLODRelevant:0 ListedInSceneOutliner:1 IsMainWorldOnly:0
 |   |   |- [+] [ 37]
 |   |   |   |- Guid:F07F1AF64C7C7C238EE1B4BF8C122DD8 BaseClass: NativeClass:/Script/Engine.StaticMeshActor Name:StaticMeshActor_4 Label:SM_Cube3 SpatiallyLoaded:1 Bounds:IsValid=true, Min=(X=0.000 Y=12900.000 Z=0.000), Max=(X=1599.250 Y=13000.000 Z=800.000) RuntimeGrid:None EditorOnly:0 RuntimeOnly:0 HLODRelevant:1 ListedInSceneOutliner:1 IsMainWorldOnly:0 FolderPath:Playground FolderGuid:6C02BB504B69D1F3D7A624B130C18E5B
 |   |   |- [+] [ 38]
 |   |   |   |- Guid:F80621C9446867154938FE81375207DA BaseClass: NativeClass:/Script/Engine.DirectionalLight Name:DirectionalLight_1 Label:DirectionalLight SpatiallyLoaded:0 Bounds:IsValid=true, Min=(X=-1048576.000 Y=-1048576.000 Z=-1048576.000), Max=(X=1048576.000 Y=1048576.000 Z=1048576.000) RuntimeGrid:None EditorOnly:0 RuntimeOnly:0 HLODRelevant:0 ListedInSceneOutliner:1 IsMainWorldOnly:0 FolderPath:Lighting FolderGuid:0BA5F0A04EADB18E70D5B180D08FA34B
 |   |   |- [+] [ 39]
 |   |   |   |- Guid:FB878EFC474A4C2FF25FF195081C8BDF BaseClass:/Game/obstacles/BP_SpinningBlades.BP_SpinningBlades_C NativeClass:/Script/Engine.Actor Name:BP_SpinningBlades_C_UAID_0250F239350503C101_2056773517 Label:BP_SpinningBlades14 SpatiallyLoaded:1 Bounds:IsValid=true, Min=(X=788.580 Y=4813.243 Z=143.254), Max=(X=1211.420 Y=4967.470 Z=297.362) RuntimeGrid:None EditorOnly:0 RuntimeOnly:0 HLODRelevant:0 ListedInSceneOutliner:1 IsMainWorldOnly:0
 |   |   |- [+] [ 40]
 |   |   |   |- Guid:FF9579174A9ED21473FE4DA962B11E17 BaseClass:/Game/obstacles/BP_SpinningBlades.BP_SpinningBlades_C NativeClass:/Script/Engine.Actor Name:BP_SpinningBlades_C_UAID_0250F239350503C101_1825791509 Label:BP_SpinningBlades6 SpatiallyLoaded:1 Bounds:IsValid=true, Min=(X=388.580 Y=3823.243 Z=-16.746), Max=(X=811.420 Y=3977.470 Z=137.362) RuntimeGrid:None EditorOnly:0 RuntimeOnly:0 HLODRelevant:0 ListedInSceneOutliner:1 IsMainWorldOnly:0
 |- ContainerInstances:
 |- [+] MainContainer:
 |   |-        ID: 00000000000000000000000000000000
 |   |-  ParentID: 00000000000000000000000000000000
 |   |-    Bounds: IsValid=false, Min=(X=0.000 Y=0.000 Z=0.000), Max=(X=0.000 Y=0.000 Z=0.000)
 |   |- Transform: 0.000000,0.000000,0.000000|0.000000,0.000000,-0.000000|1.000000,1.000000,1.000000
 |   |- Container: /Game/FirstPerson/Maps/FirstPersonMap
----------------------------------------------------------------------------------------------------------------
FirstPersonMap - Persistent Level
----------------------------------------------------------------------------------------------------------------
[+] Content of FirstPersonMap Persistent Level
 |- Always loaded Actor Count: 48 
 |- Actor Path: /Game/FirstPerson/Maps/FirstPersonMap.FirstPersonMap:PersistentLevel.AbstractNavData-Default
 |- Actor Package: /Game/FirstPerson/Maps/FirstPersonMap
 |- Actor Path: /Game/FirstPerson/Maps/FirstPersonMap.FirstPersonMap:PersistentLevel.BP_FinishLine_C_UAID_0250F2393505A4C101_1149485832
 |- Actor Package: /Game/__ExternalActors__/FirstPerson/Maps/FirstPersonMap/C/2E/K4JU3BDJYN930DRX68KPLD
 |- Actor Path: /Game/FirstPerson/Maps/FirstPersonMap.FirstPersonMap:PersistentLevel.BP_SpinningBlades_C_UAID_0250F239350501C101_2021063143
 |- Actor Package: /Game/__ExternalActors__/FirstPerson/Maps/FirstPersonMap/9/MP/7MEV5VRGK7DZUQB4Y5N3YQ
 |- Actor Path: /Game/FirstPerson/Maps/FirstPersonMap.FirstPersonMap:PersistentLevel.BP_SpinningBlades_C_UAID_0250F239350501C101_2040258144
 |- Actor Package: /Game/__ExternalActors__/FirstPerson/Maps/FirstPersonMap/0/CB/S8OCKO0MA8WU2A9O9PEGHK
 |- Actor Path: /Game/FirstPerson/Maps/FirstPersonMap.FirstPersonMap:PersistentLevel.BP_SpinningBlades_C_UAID_0250F239350503C101_1605260501
 |- Actor Package: /Game/__ExternalActors__/FirstPerson/Maps/FirstPersonMap/1/1A/3XRXLV1VWL1YLSE8MZ0SBN
 |- Actor Path: /Game/FirstPerson/Maps/FirstPersonMap.FirstPersonMap:PersistentLevel.BP_SpinningBlades_C_UAID_0250F239350503C101_1605262502
 |- Actor Package: /Game/__ExternalActors__/FirstPerson/Maps/FirstPersonMap/5/Y0/L8WRHFE8O4A9IOA4151SCD
 |- Actor Path: /Game/FirstPerson/Maps/FirstPersonMap.FirstPersonMap:PersistentLevel.BP_SpinningBlades_C_UAID_0250F239350503C101_1825788508
 |- Actor Package: /Game/__ExternalActors__/FirstPerson/Maps/FirstPersonMap/2/R7/R04D8MACJPN7MPXRZEJUWP
 |- Actor Path: /Game/FirstPerson/Maps/FirstPersonMap.FirstPersonMap:PersistentLevel.BP_SpinningBlades_C_UAID_0250F239350503C101_1825791509
 |- Actor Package: /Game/__ExternalActors__/FirstPerson/Maps/FirstPersonMap/0/7C/QP74CB6N70CNBAFHC4Z4U1
 |- Actor Path: /Game/FirstPerson/Maps/FirstPersonMap.FirstPersonMap:PersistentLevel.BP_SpinningBlades_C_UAID_0250F239350503C101_1841407510
 |- Actor Package: /Game/__ExternalActors__/FirstPerson/Maps/FirstPersonMap/1/09/GE5QKYM4CNFXEWZEQXDI9S
 |- Actor Path: /Game/FirstPerson/Maps/FirstPersonMap.FirstPersonMap:PersistentLevel.BP_SpinningBlades_C_UAID_0250F239350503C101_1841409511
 |- Actor Package: /Game/__ExternalActors__/FirstPerson/Maps/FirstPersonMap/E/G9/63VR5UQ9QAS9GGJ3HUV7JJ
 |- Actor Path: /Game/FirstPerson/Maps/FirstPersonMap.FirstPersonMap:PersistentLevel.BP_SpinningBlades_C_UAID_0250F239350503C101_1841733512
 |- Actor Package: /Game/__ExternalActors__/FirstPerson/Maps/FirstPersonMap/E/ZW/GSJMAFFKZUEOIUQE1PNVL9
 |- Actor Path: /Game/FirstPerson/Maps/FirstPersonMap.FirstPersonMap:PersistentLevel.BP_SpinningBlades_C_UAID_0250F239350503C101_1841736513
 |- Actor Package: /Game/__ExternalActors__/FirstPerson/Maps/FirstPersonMap/A/TX/9NNINYKORZRTSRY1TWOTX2
 |- Actor Path: /Game/FirstPerson/Maps/FirstPersonMap.FirstPersonMap:PersistentLevel.BP_SpinningBlades_C_UAID_0250F239350503C101_1928637514
 |- Actor Package: /Game/__ExternalActors__/FirstPerson/Maps/FirstPersonMap/C/SP/AO3NFFMQANPTPU95D2O57C
 |- Actor Path: /Game/FirstPerson/Maps/FirstPersonMap.FirstPersonMap:PersistentLevel.BP_SpinningBlades_C_UAID_0250F239350503C101_1928640515
 |- Actor Package: /Game/__ExternalActors__/FirstPerson/Maps/FirstPersonMap/1/8Q/S4XW2N9C4UN6SUMAXE4SQ4
 |- Actor Path: /Game/FirstPerson/Maps/FirstPersonMap.FirstPersonMap:PersistentLevel.BP_SpinningBlades_C_UAID_0250F239350503C101_2056771516
 |- Actor Package: /Game/__ExternalActors__/FirstPerson/Maps/FirstPersonMap/9/I7/9C3YW2HEC0X0CC7D0NUUDJ
 |- Actor Path: /Game/FirstPerson/Maps/FirstPersonMap.FirstPersonMap:PersistentLevel.BP_SpinningBlades_C_UAID_0250F239350503C101_2056773517
 |- Actor Package: /Game/__ExternalActors__/FirstPerson/Maps/FirstPersonMap/2/VZ/YBOKP1DK7JZPBQ56F00PHR
 |- Actor Path: /Game/FirstPerson/Maps/FirstPersonMap.FirstPersonMap:PersistentLevel.BP_SpinningBlades_C_UAID_0250F239350503C101_2057089518
 |- Actor Package: /Game/__ExternalActors__/FirstPerson/Maps/FirstPersonMap/D/5X/XBOAVR4G9E26B7WC5VWF2S
 |- Actor Path: /Game/FirstPerson/Maps/FirstPersonMap.FirstPersonMap:PersistentLevel.BP_SpinningBlades_C_UAID_0250F239350503C101_2057091519
 |- Actor Package: /Game/__ExternalActors__/FirstPerson/Maps/FirstPersonMap/B/QV/D1U8KQ9WTQXWDL1JB9DGCS
 |- Actor Path: /Game/FirstPerson/Maps/FirstPersonMap.FirstPersonMap:PersistentLevel.BP_SpinningBlades_C_UAID_0250F239350503C101_2074176520
 |- Actor Package: /Game/__ExternalActors__/FirstPerson/Maps/FirstPersonMap/C/2Q/IMDHAU0OBP3QMEM7LSRL9Y
 |- Actor Path: /Game/FirstPerson/Maps/FirstPersonMap.FirstPersonMap:PersistentLevel.BP_SpinningBlades_C_UAID_0250F239350503C101_2074179521
 |- Actor Package: /Game/__ExternalActors__/FirstPerson/Maps/FirstPersonMap/A/52/MOA6O7B5ZEZRXHT7BZNB3M
 |- Actor Path: /Game/FirstPerson/Maps/FirstPersonMap.FirstPersonMap:PersistentLevel.BP_SpinningBlades_C_UAID_0250F239350505C101_1240077877
 |- Actor Package: /Game/__ExternalActors__/FirstPerson/Maps/FirstPersonMap/E/82/XBMHN2E5SYHLN7V7QHEWA5
 |- Actor Path: /Game/FirstPerson/Maps/FirstPersonMap.FirstPersonMap:PersistentLevel.BP_SpinningBlades_C_UAID_0250F239350505C101_1240080878
 |- Actor Package: /Game/__ExternalActors__/FirstPerson/Maps/FirstPersonMap/D/JT/1SIM7XX8R0IE94AHRZ715M
 |- Actor Path: /Game/FirstPerson/Maps/FirstPersonMap.FirstPersonMap:PersistentLevel.BP_SpinningBlades_C_UAID_0250F239350505C101_1455565879
 |- Actor Package: /Game/__ExternalActors__/FirstPerson/Maps/FirstPersonMap/5/KY/MPY3RISYM46DVRX5TJYUPD
 |- Actor Path: /Game/FirstPerson/Maps/FirstPersonMap.FirstPersonMap:PersistentLevel.BP_SpinningBlades_C_UAID_0250F239350505C101_1455568880
 |- Actor Package: /Game/__ExternalActors__/FirstPerson/Maps/FirstPersonMap/2/HR/H677OOM85FEXSFZP6LZQXK
 |- Actor Path: /Game/FirstPerson/Maps/FirstPersonMap.FirstPersonMap:PersistentLevel.Brush_0
 |- Actor Package: /Game/FirstPerson/Maps/FirstPersonMap
 |- Actor Path: /Game/FirstPerson/Maps/FirstPersonMap.FirstPersonMap:PersistentLevel.checkpoint2_C_UAID_98EECBAA089B08C101_2144392380
 |- Actor Package: /Game/__ExternalActors__/FirstPerson/Maps/FirstPersonMap/0/VS/73380R8UMAFFHWOBTH68SN
 |- Actor Path: /Game/FirstPerson/Maps/FirstPersonMap.FirstPersonMap:PersistentLevel.checkpoint_C_UAID_98EECBAA089B07C101_1404130199
 |- Actor Package: /Game/__ExternalActors__/FirstPerson/Maps/FirstPersonMap/A/X3/9WNZDIPWQGG29RFHXIHIHU
 |- Actor Path: /Game/FirstPerson/Maps/FirstPersonMap.FirstPersonMap:PersistentLevel.DefaultPhysicsVolume_0
 |- Actor Package: /Game/FirstPerson/Maps/FirstPersonMap
 |- Actor Path: /Game/FirstPerson/Maps/FirstPersonMap.FirstPersonMap:PersistentLevel.DirectionalLight_1
 |- Actor Package: /Game/__ExternalActors__/FirstPerson/Maps/FirstPersonMap/0/WB/V4ALNTJYOVWM8BU452CKV5
 |- Actor Path: /Game/FirstPerson/Maps/FirstPersonMap.FirstPersonMap:PersistentLevel.ExponentialHeightFog_0
 |- Actor Package: /Game/__ExternalActors__/FirstPerson/Maps/FirstPersonMap/0/CL/381LM03PFI8AF9NED1SEV2
 |- Actor Path: /Game/FirstPerson/Maps/FirstPersonMap.FirstPersonMap:PersistentLevel.FirstPersonMap_C_32
 |- Actor Package: /Game/FirstPerson/Maps/FirstPersonMap
 |- Actor Path: /Game/FirstPerson/Maps/FirstPersonMap.FirstPersonMap:PersistentLevel.GameplayDebuggerPlayerManager_0
 |- Actor Package: /Game/FirstPerson/Maps/FirstPersonMap
 |- Actor Path: /Game/FirstPerson/Maps/FirstPersonMap.FirstPersonMap:PersistentLevel.PlayerStart_0
 |- Actor Package: /Game/__ExternalActors__/FirstPerson/Maps/FirstPersonMap/8/Z7/W1SXRCM1KAKBJOIZDLHZ47
 |- Actor Path: /Game/FirstPerson/Maps/FirstPersonMap.FirstPersonMap:PersistentLevel.PostProcessVolume_0
 |- Actor Package: /Game/__ExternalActors__/FirstPerson/Maps/FirstPersonMap/E/MX/R1GV431P5FDO08OFULRA01
 |- Actor Path: /Game/FirstPerson/Maps/FirstPersonMap.FirstPersonMap:PersistentLevel.SkyAtmosphere_0
 |- Actor Package: /Game/__ExternalActors__/FirstPerson/Maps/FirstPersonMap/C/VO/VMN4G7K3NKKV6F8HTPHHDB
 |- Actor Path: /Game/FirstPerson/Maps/FirstPersonMap.FirstPersonMap:PersistentLevel.SkyLight_0
 |- Actor Package: /Game/__ExternalActors__/FirstPerson/Maps/FirstPersonMap/6/0Z/5RQIHCZ9W3UXRGL4LTLQAK
 |- Actor Path: /Game/FirstPerson/Maps/FirstPersonMap.FirstPersonMap:PersistentLevel.StaticMeshActor_0
 |- Actor Package: /Game/__ExternalActors__/FirstPerson/Maps/FirstPersonMap/7/L5/1ZJ54FMA0DAL3I2Q8RFAIB
 |- Actor Path: /Game/FirstPerson/Maps/FirstPersonMap.FirstPersonMap:PersistentLevel.StaticMeshActor_3
 |- Actor Package: /Game/__ExternalActors__/FirstPerson/Maps/FirstPersonMap/3/AI/0XWE3RNM2XQC0ST1KXG02O
 |- Actor Path: /Game/FirstPerson/Maps/FirstPersonMap.FirstPersonMap:PersistentLevel.StaticMeshActor_4
 |- Actor Package: /Game/__ExternalActors__/FirstPerson/Maps/FirstPersonMap/6/AJ/2XZ3RUK0LFB63FVNQE7P5R
 |- Actor Path: /Game/FirstPerson/Maps/FirstPersonMap.FirstPersonMap:PersistentLevel.StaticMeshActor_UAID_98EECBAA089B07C101_1973021200
 |- Actor Package: /Game/__ExternalActors__/FirstPerson/Maps/FirstPersonMap/E/24/VXVTVAMZ79FFNF2KRVDFHS
 |- Actor Path: /Game/FirstPerson/Maps/FirstPersonMap.FirstPersonMap:PersistentLevel.StaticMeshActor_UAID_98EECBAA089B07C101_1973055201
 |- Actor Package: /Game/__ExternalActors__/FirstPerson/Maps/FirstPersonMap/2/MB/LJZ1SO43VAGQSXHFNGO67T
 |- Actor Path: /Game/FirstPerson/Maps/FirstPersonMap.FirstPersonMap:PersistentLevel.StaticMeshActor_UAID_98EECBAA089B07C101_1973089202
 |- Actor Package: /Game/__ExternalActors__/FirstPerson/Maps/FirstPersonMap/8/C6/RZ4Q04TWXYXBH1CVIST5U0
 |- Actor Path: /Game/FirstPerson/Maps/FirstPersonMap.FirstPersonMap:PersistentLevel.StaticMeshActor_UAID_98EECBAA089B07C101_1973121203
 |- Actor Package: /Game/__ExternalActors__/FirstPerson/Maps/FirstPersonMap/8/VF/1R3U5FXOEV3ERS5NE0XHRG
 |- Actor Path: /Game/FirstPerson/Maps/FirstPersonMap.FirstPersonMap:PersistentLevel.StaticMeshActor_UAID_A4AE111137DC5EFB00_2001720423
 |- Actor Package: /Game/__ExternalActors__/FirstPerson/Maps/FirstPersonMap/C/ZU/PDQ0AB8RLNMVID876FD49G
 |- Actor Path: /Game/FirstPerson/Maps/FirstPersonMap.FirstPersonMap:PersistentLevel.VolumetricCloud_0
 |- Actor Package: /Game/__ExternalActors__/FirstPerson/Maps/FirstPersonMap/0/GO/I8WEFD3RY9V3NVQLSU6QM4
 |- Actor Path: /Game/FirstPerson/Maps/FirstPersonMap.FirstPersonMap:PersistentLevel.WorldDataLayers
 |- Actor Package: /Game/__ExternalActors__/FirstPerson/Maps/FirstPersonMap/D/0W/E1FKEGVKGOLM7HGLQPCIPO
 |- Actor Path: /Game/FirstPerson/Maps/FirstPersonMap.FirstPersonMap:PersistentLevel.WorldInfo_0
 |- Actor Package: /Game/FirstPerson/Maps/FirstPersonMap
 |- Actor Path: /Game/FirstPerson/Maps/FirstPersonMap.FirstPersonMap:PersistentLevel.WorldPartitionMiniMap_0
 |- Actor Package: /Game/__ExternalActors__/FirstPerson/Maps/FirstPersonMap/4/CR/SRVPLA8UNZ8XIIP0E036DI

----------------------------------------------------------------------------------------------------------------
FirstPersonMap - Runtime Spatial Hash - Streaming Grid - MainGrid
----------------------------------------------------------------------------------------------------------------
            Origin: X=0.000 Y=0.000 Z=0.000
         Cell Size: 12800
      World Bounds: IsValid=false, Min=(X=0.000 Y=0.000 Z=0.000), Max=(X=0.000 Y=0.000 Z=0.000)
     Loading Range: 25600.00
Block Slow Loading: No
 ClientOnlyVisible: No
            Origin: X=0.000 Y=0.000 Z=0.000

[+] Grid Levels: 1
 |- Level  0: Cell Count    0 | Cell Size   12800 | Actor Count    0 (0.0%)

[+] Content of Grid Level 0

